2023-10-27 13:06:58,551 - INFO: Загружено изображение 1 для класса tiger_full-size
2023-10-27 13:07:09,842 - INFO: Загружено изображение 1 для класса leopard_full-size
2023-10-27 13:07:21,325 - INFO: Загружено изображение 1 для класса tiger_thumb
2023-10-27 13:07:21,654 - INFO: Загружено изображение 2 для класса tiger_thumb
2023-10-27 13:07:21,980 - INFO: Загружено изображение 3 для класса tiger_thumb
2023-10-27 13:07:22,346 - INFO: Загружено изображение 4 для класса tiger_thumb
2023-10-27 13:07:22,688 - INFO: Загружено изображение 5 для класса tiger_thumb
2023-10-27 13:07:43,850 - ERROR: Ошибка ожидания элементов: Message: 
Stacktrace:
	GetHandleVerifier [0x00007FF688278EF2+54786]
	(No symbol) [0x00007FF6881E5612]
	(No symbol) [0x00007FF68809A64B]
	(No symbol) [0x00007FF6880DB79C]
	(No symbol) [0x00007FF6880DB91C]
	(No symbol) [0x00007FF688116D87]
	(No symbol) [0x00007FF6880FBEAF]
	(No symbol) [0x00007FF688114D02]
	(No symbol) [0x00007FF6880FBC43]
	(No symbol) [0x00007FF6880D0941]
	(No symbol) [0x00007FF6880D1B84]
	GetHandleVerifier [0x00007FF6885C7F52+3524194]
	GetHandleVerifier [0x00007FF68861D800+3874576]
	GetHandleVerifier [0x00007FF688615D7F+3843215]
	GetHandleVerifier [0x00007FF688315086+694166]
	(No symbol) [0x00007FF6881F0A88]
	(No symbol) [0x00007FF6881ECA94]
	(No symbol) [0x00007FF6881ECBC2]
	(No symbol) [0x00007FF6881DCC83]
	BaseThreadInitThunk [0x00007FF9C3F57344+20]
	RtlUserThreadStart [0x00007FF9C4B426B1+33]

2023-10-27 13:08:58,207 - INFO: Загружено изображение 1 для класса tiger_full-size
2023-10-27 13:09:09,355 - INFO: Загружено изображение 1 для класса leopard_full-size
2023-10-27 13:09:20,509 - INFO: Загружено изображение 1 для класса tiger_thumb
2023-10-27 13:09:20,961 - INFO: Загружено изображение 2 для класса tiger_thumb
2023-10-27 13:09:21,431 - INFO: Загружено изображение 3 для класса tiger_thumb
2023-10-27 13:09:21,790 - INFO: Загружено изображение 4 для класса tiger_thumb
2023-10-27 13:09:22,203 - INFO: Загружено изображение 5 для класса tiger_thumb
2023-10-27 13:09:34,358 - INFO: Загружено изображение 1 для класса leopard_thumb
2023-10-27 13:09:34,903 - INFO: Загружено изображение 2 для класса leopard_thumb
2023-10-27 13:09:35,234 - INFO: Загружено изображение 3 для класса leopard_thumb
2023-10-27 13:09:36,103 - INFO: Загружено изображение 4 для класса leopard_thumb
2023-10-27 13:09:36,629 - INFO: Загружено изображение 5 для класса leopard_thumb
